SF:src/CTFlows.jl
DA:11,19
LH:1
LF:1
end_of_record
SF:src/concatenation.jl
DA:4,32
DA:7,32
DA:8,32440
DA:9,32408
DA:13,32
DA:14,32
DA:15,32
DA:16,32
DA:19,32
DA:23,32
DA:28,1
DA:31,1
DA:32,1651
DA:33,1650
DA:37,1
DA:38,1
DA:39,2
DA:40,1
DA:44,559
DA:45,558
DA:47,1
DA:50,1
DA:56,1
LH:23
LF:23
end_of_record
SF:src/default.jl
DA:11,33
DA:20,41
DA:27,25
DA:36,39
DA:43,34
LH:5
LF:5
end_of_record
SF:src/flows.jl
DA:7,22
DA:8,32
DA:12,62
DA:32,5
DA:35,5
DA:41,2
DA:44,2
DA:45,1
DA:46,1
DA:48,1
DA:56,13
DA:57,15427
DA:58,15414
DA:59,30828
DA:60,15414
DA:61,15414
DA:62,15414
DA:64,13
DA:72,36
DA:74,68
DA:75,25
DA:76,25
DA:77,25
DA:78,50
DA:79,25
DA:80,25
DA:83,60
DA:84,21
DA:85,21
DA:86,21
DA:89,20
DA:90,1
DA:93,22
DA:94,2
DA:95,2
DA:98,18
DA:107,12
DA:110,22
DA:111,8
DA:112,8
DA:113,16
DA:114,8
DA:115,8
DA:118,20
DA:119,7
DA:120,7
DA:121,7
DA:124,6
DA:128,6
DA:133,6
LH:50
LF:50
end_of_record
SF:src/hamiltonian.jl
DA:3,22
DA:6,11
DA:7,11
DA:9,11
DA:20,13
DA:23,5
LH:6
LF:6
end_of_record
SF:src/hamiltonian_vector_field.jl
DA:3,10
DA:6,5
DA:8,4874
DA:9,4869
DA:10,4869
DA:13,5
LH:6
LF:6
end_of_record
SF:src/optimal_control_problem.jl
DA:8,0
DA:9,0
DA:19,2
DA:20,1652
DA:21,1650
DA:22,1650
DA:24,2
DA:34,0
DA:35,0
DA:36,0
DA:37,0
DA:39,0
DA:49,0
DA:50,0
DA:51,0
DA:52,0
DA:54,0
DA:72,4
DA:76,2
DA:77,2
DA:78,2
DA:79,4
DA:82,4
DA:83,2
DA:84,4
DA:86,0
DA:90,2
DA:93,2
DA:96,2
DA:119,0
DA:123,0
DA:124,0
DA:125,0
DA:126,0
DA:129,0
DA:130,0
DA:131,0
DA:132,0
DA:133,0
DA:135,0
DA:139,0
DA:142,0
DA:145,0
LH:16
LF:43
end_of_record
SF:src/plot.jl
DA:3,2
DA:4,1
DA:5,1
DA:6,1
DA:8,0
DA:14,0
DA:15,0
LH:4
LF:7
end_of_record
SF:src/solutions.jl
DA:13,1
DA:28,1
DA:29,1
DA:30,1
DA:31,1117
DA:32,1117
DA:33,559
DA:34,1
DA:35,1
DA:36,1
DA:37,1
DA:38,1
DA:39,559
DA:40,1
DA:41,559
DA:42,559
DA:43,1
DA:44,1
LH:18
LF:18
end_of_record
SF:src/vector_field.jl
DA:3,12
DA:6,6
DA:8,5064
DA:9,5058
DA:12,6
LH:5
LF:5
end_of_record
